<?xml version="1.0" encoding="UTF-8"?>
<testsuite name="ru.hirus.jcabi.lazy.QueryTest" tests="4" skipped="0" failures="0" errors="0" timestamp="2024-08-08T12:35:21" hostname="xiaomao" time="0.008">
  <properties/>
  <testcase name="composeTest()" classname="ru.hirus.jcabi.lazy.QueryTest" time="0.001"/>
  <testcase name="applicativeApplyTest()" classname="ru.hirus.jcabi.lazy.QueryTest" time="0.002"/>
  <testcase name="mapComposeTest()" classname="ru.hirus.jcabi.lazy.QueryTest" time="0.001"/>
  <testcase name="flatMapTest()" classname="ru.hirus.jcabi.lazy.QueryTest" time="0.002"/>
  <system-out><![CDATA[]]></system-out>
  <system-err><![CDATA[]]></system-err>
</testsuite>
