<?xml version="1.0" encoding="UTF-8"?>
<testsuite name="ru.hirus.jcabi.lazy.TransactionTest" tests="5" skipped="0" failures="0" errors="0" timestamp="2024-08-08T12:35:23" hostname="xiaomao" time="0.275">
  <properties/>
  <testcase name="composeTest()" classname="ru.hirus.jcabi.lazy.TransactionTest" time="0.051"/>
  <testcase name="mapComposeTest()" classname="ru.hirus.jcabi.lazy.TransactionTest" time="0.038"/>
  <testcase name="flatMapTest()" classname="ru.hirus.jcabi.lazy.TransactionTest" time="0.055"/>
  <testcase name="transactionSimpleTest()" classname="ru.hirus.jcabi.lazy.TransactionTest" time="0.073"/>
  <testcase name="transactionComplexTest()" classname="ru.hirus.jcabi.lazy.TransactionTest" time="0.055"/>
  <system-out><![CDATA[]]></system-out>
  <system-err><![CDATA[]]></system-err>
</testsuite>
