<?xml version="1.0" encoding="UTF-8"?>
<testsuite name="ru.hirus.jcabi.lazy.JdbcQueryTest" tests="4" skipped="0" failures="0" errors="0" timestamp="2024-08-08T12:35:20" hostname="xiaomao" time="0.39">
  <properties/>
  <testcase name="queryTest()" classname="ru.hirus.jcabi.lazy.JdbcQueryTest" time="0.247"/>
  <testcase name="composeTest()" classname="ru.hirus.jcabi.lazy.JdbcQueryTest" time="0.047"/>
  <testcase name="mapComposeTest()" classname="ru.hirus.jcabi.lazy.JdbcQueryTest" time="0.043"/>
  <testcase name="flatMapTest()" classname="ru.hirus.jcabi.lazy.JdbcQueryTest" time="0.049"/>
  <system-out><![CDATA[]]></system-out>
  <system-err><![CDATA[SLF4J: Failed to load class "org.slf4j.impl.StaticLoggerBinder".
SLF4J: Defaulting to no-operation (NOP) logger implementation
SLF4J: See http://www.slf4j.org/codes.html#StaticLoggerBinder for further details.
]]></system-err>
</testsuite>
