<?xml version="1.0" encoding="UTF-8"?>
<testsuite name="ru.hirus.jcabi.lazy.SequenceTest" tests="1" skipped="0" failures="0" errors="0" timestamp="2024-08-08T12:35:21" hostname="xiaomao" time="0.003">
  <properties/>
  <testcase name="sequenceTest()" classname="ru.hirus.jcabi.lazy.SequenceTest" time="0.003"/>
  <system-out><![CDATA[]]></system-out>
  <system-err><![CDATA[]]></system-err>
</testsuite>
